INFO 2022-06-12 08:24:09,271 autoreload:637 Watching for file changes with StatReloader
WARNING 2022-06-12 08:24:33,836 logs:21 请求路径: /home/test 耗时0.8511490821838379秒
INFO 2022-06-12 08:24:33,838 basehttp:161 "GET /home/test HTTP/1.1" 200 5162
INFO 2022-06-12 08:49:48,560 autoreload:251 /Users/yuanhao/Desktop/uric项目/uric_api/uric_api/settings/dev.py changed, reloading.
INFO 2022-06-12 08:49:51,486 autoreload:637 Watching for file changes with StatReloader
INFO 2022-06-12 08:50:08,862 autoreload:251 /Users/yuanhao/Desktop/uric项目/uric_api/uric_api/settings/dev.py changed, reloading.
INFO 2022-06-12 08:50:13,110 autoreload:637 Watching for file changes with StatReloader
INFO 2022-06-12 08:50:57,775 autoreload:251 /Users/yuanhao/Desktop/uric项目/uric_api/uric_api/apps/home/views.py changed, reloading.
INFO 2022-06-12 08:50:59,392 autoreload:637 Watching for file changes with StatReloader
INFO 2022-06-12 08:51:12,564 autoreload:251 /Users/yuanhao/Desktop/uric项目/uric_api/uric_api/apps/home/views.py changed, reloading.
INFO 2022-06-12 08:51:14,596 autoreload:637 Watching for file changes with StatReloader
INFO 2022-06-12 08:51:19,323 autoreload:251 /Users/yuanhao/Desktop/uric项目/uric_api/uric_api/apps/home/views.py changed, reloading.
INFO 2022-06-12 08:51:21,834 autoreload:637 Watching for file changes with StatReloader
ERROR 2022-06-12 08:51:46,821 exceptions:26 [<home.views.TestView object at 0x10b626510>] mysql连接失败
ERROR 2022-06-12 08:51:46,892 log:230 Insufficient Storage: /home/test
ERROR 2022-06-12 08:51:46,894 basehttp:161 "GET /home/test HTTP/1.1" 507 5200
INFO 2022-06-12 08:51:46,979 basehttp:161 "GET /static/rest_framework/css/bootstrap.min.css HTTP/1.1" 304 0
INFO 2022-06-12 08:51:46,990 basehttp:161 "GET /static/rest_framework/css/bootstrap-tweaks.css HTTP/1.1" 304 0
INFO 2022-06-12 08:51:46,996 basehttp:161 "GET /static/rest_framework/css/prettify.css HTTP/1.1" 304 0
INFO 2022-06-12 08:51:47,000 basehttp:161 "GET /static/rest_framework/js/jquery-3.5.1.min.js HTTP/1.1" 304 0
INFO 2022-06-12 08:51:47,001 basehttp:161 "GET /static/rest_framework/css/default.css HTTP/1.1" 304 0
INFO 2022-06-12 08:51:47,003 basehttp:161 "GET /static/rest_framework/js/bootstrap.min.js HTTP/1.1" 304 0
INFO 2022-06-12 08:51:47,120 basehttp:161 "GET /static/rest_framework/js/csrf.js HTTP/1.1" 304 0
INFO 2022-06-12 08:51:47,125 basehttp:161 "GET /static/rest_framework/js/prettify-min.js HTTP/1.1" 304 0
INFO 2022-06-12 08:51:47,131 basehttp:161 "GET /static/rest_framework/js/default.js HTTP/1.1" 304 0
INFO 2022-06-12 08:51:47,288 basehttp:161 "GET /static/rest_framework/img/grid.png HTTP/1.1" 304 0
INFO 2022-06-12 08:51:47,290 basehttp:161 "GET /static/rest_framework/js/ajax-form.js HTTP/1.1" 304 0
INFO 2022-06-12 08:53:58,443 autoreload:251 /Users/yuanhao/Desktop/uric项目/uric_api/uric_api/settings/dev.py changed, reloading.
INFO 2022-06-12 08:54:02,223 autoreload:637 Watching for file changes with StatReloader
INFO 2022-06-12 08:54:29,067 autoreload:251 /Users/yuanhao/Desktop/uric项目/uric_api/uric_api/settings/dev.py changed, reloading.
INFO 2022-06-12 08:54:30,474 autoreload:637 Watching for file changes with StatReloader
INFO 2022-06-12 08:55:04,103 autoreload:251 /Users/yuanhao/Desktop/uric项目/uric_api/uric_api/__init__.py changed, reloading.
INFO 2022-06-12 08:55:06,596 autoreload:637 Watching for file changes with StatReloader
INFO 2022-06-12 08:55:34,992 autoreload:251 /Users/yuanhao/Desktop/uric项目/uric_api/uric_api/settings/dev.py changed, reloading.
INFO 2022-06-12 08:55:36,798 autoreload:637 Watching for file changes with StatReloader
INFO 2022-06-12 09:13:16,911 autoreload:637 Watching for file changes with StatReloader
ERROR 2022-06-12 09:13:22,644 exception:101 Invalid HTTP_HOST header: 'api.uric.cn:8000'. You may need to add 'api.uric.cn' to ALLOWED_HOSTS.
WARNING 2022-06-12 09:13:23,612 log:230 Bad Request: /
WARNING 2022-06-12 09:13:23,633 basehttp:161 "GET / HTTP/1.1" 400 63604
ERROR 2022-06-12 09:13:24,366 exception:101 Invalid HTTP_HOST header: 'api.uric.cn:8000'. You may need to add 'api.uric.cn' to ALLOWED_HOSTS.
WARNING 2022-06-12 09:13:24,605 log:230 Bad Request: /favicon.ico
WARNING 2022-06-12 09:13:24,614 basehttp:161 "GET /favicon.ico HTTP/1.1" 400 63659
INFO 2022-06-12 09:14:00,906 autoreload:251 /Users/yuanhao/Desktop/uric项目/uric_api/uric_api/settings/dev.py changed, reloading.
INFO 2022-06-12 09:14:06,272 autoreload:637 Watching for file changes with StatReloader
WARNING 2022-06-12 09:14:08,766 log:230 Not Found: /
WARNING 2022-06-12 09:14:08,767 basehttp:161 "GET / HTTP/1.1" 404 2168
WARNING 2022-06-12 09:14:09,163 log:230 Not Found: /favicon.ico
WARNING 2022-06-12 09:14:09,191 basehttp:161 "GET /favicon.ico HTTP/1.1" 404 2219
ERROR 2022-06-12 09:14:24,954 exceptions:26 [<home.views.TestView object at 0x10d95b250>] mysql连接失败
ERROR 2022-06-12 09:14:25,103 log:230 Insufficient Storage: /home/test
ERROR 2022-06-12 09:14:25,105 basehttp:161 "GET /home/test HTTP/1.1" 507 5200
INFO 2022-06-12 09:14:25,141 basehttp:161 "GET /static/rest_framework/css/bootstrap-tweaks.css HTTP/1.1" 200 3385
INFO 2022-06-12 09:14:25,157 basehttp:161 "GET /static/rest_framework/js/ajax-form.js HTTP/1.1" 200 3597
INFO 2022-06-12 09:14:25,160 basehttp:161 "GET /static/rest_framework/css/prettify.css HTTP/1.1" 200 817
INFO 2022-06-12 09:14:25,162 basehttp:161 "GET /static/rest_framework/js/jquery-3.5.1.min.js HTTP/1.1" 200 89476
INFO 2022-06-12 09:14:25,163 basehttp:161 "GET /static/rest_framework/css/default.css HTTP/1.1" 200 1152
INFO 2022-06-12 09:14:25,232 basehttp:161 "GET /static/rest_framework/js/default.js HTTP/1.1" 200 1268
INFO 2022-06-12 09:14:25,234 basehttp:161 "GET /static/rest_framework/js/prettify-min.js HTTP/1.1" 200 13632
INFO 2022-06-12 09:14:25,238 basehttp:161 "GET /static/rest_framework/js/csrf.js HTTP/1.1" 200 1719
INFO 2022-06-12 09:14:25,242 basehttp:161 "GET /static/rest_framework/js/bootstrap.min.js HTTP/1.1" 200 39680
INFO 2022-06-12 09:14:25,273 basehttp:161 "GET /static/rest_framework/css/bootstrap.min.css HTTP/1.1" 200 121457
INFO 2022-06-12 09:14:25,355 basehttp:161 "GET /static/rest_framework/img/grid.png HTTP/1.1" 200 1458
INFO 2022-06-12 09:14:37,703 autoreload:251 /Users/yuanhao/Desktop/uric项目/uric_api/uric_api/apps/home/views.py changed, reloading.
INFO 2022-06-12 09:14:41,686 autoreload:637 Watching for file changes with StatReloader
INFO 2022-06-12 09:14:43,110 basehttp:161 "GET /home/test HTTP/1.1" 200 5162
INFO 2022-06-12 09:21:38,072 autoreload:251 /Users/yuanhao/Desktop/uric项目/uric_api/uric_api/urls.py changed, reloading.
INFO 2022-06-12 09:21:41,428 autoreload:637 Watching for file changes with StatReloader
INFO 2022-06-12 09:21:58,985 autoreload:251 /Users/yuanhao/Desktop/uric项目/uric_api/uric_api/urls.py changed, reloading.
INFO 2022-06-12 09:22:01,524 autoreload:637 Watching for file changes with StatReloader
INFO 2022-06-12 09:22:52,494 autoreload:251 /Users/yuanhao/Desktop/uric项目/uric_api/uric_api/urls.py changed, reloading.
INFO 2022-06-12 09:22:56,259 autoreload:637 Watching for file changes with StatReloader
INFO 2022-06-12 09:22:59,371 autoreload:251 /Users/yuanhao/Desktop/uric项目/uric_api/uric_api/apps/host/urls.py changed, reloading.
INFO 2022-06-12 09:23:01,834 autoreload:637 Watching for file changes with StatReloader
INFO 2022-06-12 09:23:08,460 autoreload:251 /Users/yuanhao/Desktop/uric项目/uric_api/uric_api/apps/host/urls.py changed, reloading.
INFO 2022-06-12 09:23:11,580 autoreload:637 Watching for file changes with StatReloader
INFO 2022-06-12 09:23:16,592 autoreload:251 /Users/yuanhao/Desktop/uric项目/uric_api/uric_api/apps/host/urls.py changed, reloading.
INFO 2022-06-12 09:23:18,012 autoreload:637 Watching for file changes with StatReloader
INFO 2022-06-12 09:25:16,353 autoreload:251 /Users/yuanhao/Desktop/uric项目/uric_api/uric_api/apps/host/views.py changed, reloading.
INFO 2022-06-12 09:25:19,574 autoreload:637 Watching for file changes with StatReloader
INFO 2022-06-12 09:27:14,669 autoreload:251 /Users/yuanhao/Desktop/uric项目/uric_api/uric_api/apps/host/urls.py changed, reloading.
INFO 2022-06-12 09:27:16,239 autoreload:637 Watching for file changes with StatReloader
ERROR 2022-06-12 09:27:43,881 exception:101 Invalid HTTP_HOST header: '127.0.0.1:8000'. You may need to add '127.0.0.1' to ALLOWED_HOSTS.
WARNING 2022-06-12 09:27:44,052 log:230 Bad Request: /host/list
WARNING 2022-06-12 09:27:44,056 basehttp:161 "GET /host/list HTTP/1.1" 400 64232
INFO 2022-06-12 09:28:08,472 basehttp:161 "GET /host/list HTTP/1.1" 200 59
INFO 2022-06-12 09:28:39,467 basehttp:161 "GET /host/list HTTP/1.1" 200 59
INFO 2022-06-12 09:31:00,204 autoreload:251 /Users/yuanhao/Desktop/uric项目/uric_api/uric_api/apps/host/views.py changed, reloading.
INFO 2022-06-12 09:31:01,867 autoreload:637 Watching for file changes with StatReloader
INFO 2022-06-12 09:31:25,797 basehttp:161 "GET /host/list HTTP/1.1" 200 59
INFO 2022-06-12 09:35:23,669 autoreload:251 /Users/yuanhao/Desktop/uric项目/uric_api/uric_api/apps/host/views.py changed, reloading.
INFO 2022-06-12 09:35:27,791 autoreload:637 Watching for file changes with StatReloader
INFO 2022-06-12 09:36:06,451 autoreload:251 /Users/yuanhao/Desktop/uric项目/uric_api/uric_api/apps/host/views.py changed, reloading.
INFO 2022-06-12 09:36:08,508 autoreload:637 Watching for file changes with StatReloader
INFO 2022-06-12 09:36:11,911 autoreload:251 /Users/yuanhao/Desktop/uric项目/uric_api/uric_api/apps/host/views.py changed, reloading.
INFO 2022-06-12 09:36:15,823 autoreload:637 Watching for file changes with StatReloader
INFO 2022-06-12 09:36:25,362 autoreload:251 /Users/yuanhao/Desktop/uric项目/uric_api/uric_api/apps/host/views.py changed, reloading.
INFO 2022-06-12 09:36:27,593 autoreload:637 Watching for file changes with StatReloader
INFO 2022-06-12 09:36:50,392 basehttp:161 "GET /host/list HTTP/1.1" 200 59
INFO 2022-06-12 09:37:26,743 autoreload:251 /Users/yuanhao/Desktop/uric项目/uric_api/uric_api/apps/host/views.py changed, reloading.
INFO 2022-06-12 09:37:28,768 autoreload:637 Watching for file changes with StatReloader
INFO 2022-06-12 09:40:54,786 basehttp:161 "GET /host/list HTTP/1.1" 200 59
INFO 2022-06-12 09:41:37,566 autoreload:251 /Users/yuanhao/Desktop/uric项目/uric_api/uric_api/settings/dev.py changed, reloading.
INFO 2022-06-12 09:41:39,235 autoreload:637 Watching for file changes with StatReloader
INFO 2022-06-12 09:41:55,586 basehttp:161 "GET /host/list HTTP/1.1" 200 59
INFO 2022-06-12 09:46:55,960 autoreload:251 /Users/yuanhao/Desktop/uric项目/uric_api/uric_api/settings/dev.py changed, reloading.
INFO 2022-06-12 09:46:57,844 autoreload:637 Watching for file changes with StatReloader
INFO 2022-06-12 09:50:47,149 basehttp:161 "OPTIONS /host/list HTTP/1.1" 200 163
INFO 2022-06-12 09:51:15,855 basehttp:161 "OPTIONS /host/list HTTP/1.1" 200 163
INFO 2022-06-12 09:51:56,928 basehttp:161 "OPTIONS /host/list HTTP/1.1" 200 163
INFO 2022-06-12 09:54:38,895 autoreload:251 /Users/yuanhao/Desktop/uric项目/uric_api/uric_api/settings/dev.py changed, reloading.
INFO 2022-06-12 09:54:42,772 autoreload:637 Watching for file changes with StatReloader
INFO 2022-06-12 09:54:58,643 autoreload:251 /Users/yuanhao/Desktop/uric项目/uric_api/uric_api/settings/dev.py changed, reloading.
INFO 2022-06-12 09:55:00,050 autoreload:637 Watching for file changes with StatReloader
INFO 2022-06-12 09:55:18,007 autoreload:637 Watching for file changes with StatReloader
INFO 2022-06-12 09:55:48,342 basehttp:161 "OPTIONS /host/list HTTP/1.1" 200 0
INFO 2022-06-12 09:56:22,054 autoreload:251 /Users/yuanhao/Desktop/uric项目/uric_api/uric_api/settings/dev.py changed, reloading.
INFO 2022-06-12 09:56:23,193 autoreload:637 Watching for file changes with StatReloader
INFO 2022-06-12 09:56:44,319 basehttp:161 "OPTIONS /host/list HTTP/1.1" 200 0
INFO 2022-06-12 09:57:16,222 autoreload:251 /Users/yuanhao/Desktop/uric项目/uric_api/uric_api/settings/dev.py changed, reloading.
INFO 2022-06-12 09:57:20,494 autoreload:637 Watching for file changes with StatReloader
INFO 2022-06-12 09:58:04,493 basehttp:161 "OPTIONS /host/list HTTP/1.1" 200 0
WARNING 2022-06-12 09:58:04,510 log:230 Method Not Allowed: /host/list
WARNING 2022-06-12 09:58:04,512 basehttp:161 "DELETE /host/list HTTP/1.1" 405 43
INFO 2022-06-12 09:58:35,451 autoreload:637 Watching for file changes with StatReloader
INFO 2022-06-12 09:58:55,395 basehttp:161 "OPTIONS /host/list HTTP/1.1" 200 0
WARNING 2022-06-12 09:58:55,438 log:230 Method Not Allowed: /host/list
WARNING 2022-06-12 09:58:55,440 basehttp:161 "DELETE /host/list HTTP/1.1" 405 43
INFO 2022-06-12 10:00:08,348 autoreload:251 /Users/yuanhao/Desktop/uric项目/uric_api/uric_api/settings/dev.py changed, reloading.
INFO 2022-06-12 10:00:09,289 autoreload:637 Watching for file changes with StatReloader
INFO 2022-06-12 10:00:15,467 autoreload:251 /Users/yuanhao/Desktop/uric项目/uric_api/uric_api/settings/dev.py changed, reloading.
INFO 2022-06-12 10:00:19,220 autoreload:637 Watching for file changes with StatReloader
INFO 2022-06-12 10:01:43,832 autoreload:251 /Users/yuanhao/Desktop/uric项目/uric_api/uric_api/settings/dev.py changed, reloading.
INFO 2022-06-12 10:01:47,175 autoreload:637 Watching for file changes with StatReloader
INFO 2022-06-12 10:02:11,586 basehttp:161 "OPTIONS /host/list HTTP/1.1" 200 0
WARNING 2022-06-12 10:02:11,619 log:230 Method Not Allowed: /host/list
WARNING 2022-06-12 10:02:11,620 basehttp:161 "DELETE /host/list HTTP/1.1" 405 43
INFO 2022-06-12 10:03:33,638 autoreload:251 /Users/yuanhao/Desktop/uric项目/uric_api/uric_api/apps/host/views.py changed, reloading.
INFO 2022-06-12 10:03:36,739 autoreload:637 Watching for file changes with StatReloader
INFO 2022-06-12 10:03:52,455 autoreload:251 /Users/yuanhao/Desktop/uric项目/uric_api/uric_api/apps/host/views.py changed, reloading.
INFO 2022-06-12 10:03:54,372 autoreload:637 Watching for file changes with StatReloader
INFO 2022-06-12 10:03:56,767 autoreload:251 /Users/yuanhao/Desktop/uric项目/uric_api/uric_api/apps/host/views.py changed, reloading.
INFO 2022-06-12 10:03:57,649 autoreload:637 Watching for file changes with StatReloader
INFO 2022-06-12 10:04:32,015 basehttp:161 "OPTIONS /host/list HTTP/1.1" 200 0
INFO 2022-06-12 10:04:32,032 basehttp:161 "DELETE /host/list HTTP/1.1" 200 9
INFO 2022-06-12 11:06:25,326 autoreload:251 /Users/yuanhao/Desktop/uric项目/uric_api/uric_api/settings/dev.py changed, reloading.
INFO 2022-06-12 11:06:26,294 autoreload:637 Watching for file changes with StatReloader
INFO 2022-06-12 11:07:00,275 autoreload:251 /Users/yuanhao/Desktop/uric项目/uric_api/uric_api/settings/dev.py changed, reloading.
INFO 2022-06-12 11:07:01,015 autoreload:637 Watching for file changes with StatReloader
INFO 2022-06-12 11:07:05,655 autoreload:251 /Users/yuanhao/Desktop/uric项目/uric_api/uric_api/settings/dev.py changed, reloading.
INFO 2022-06-12 11:07:06,229 autoreload:637 Watching for file changes with StatReloader
INFO 2022-06-12 11:07:10,917 basehttp:161 "OPTIONS /host/list HTTP/1.1" 200 163
INFO 2022-06-12 11:07:17,965 autoreload:251 /Users/yuanhao/Desktop/uric项目/uric_api/uric_api/settings/dev.py changed, reloading.
INFO 2022-06-12 11:07:18,726 autoreload:637 Watching for file changes with StatReloader
INFO 2022-06-12 11:07:23,753 basehttp:161 "OPTIONS /host/list HTTP/1.1" 200 163
INFO 2022-06-12 11:07:53,097 basehttp:161 "GET /host/list HTTP/1.1" 200 59
INFO 2022-06-12 11:07:58,201 autoreload:251 /Users/yuanhao/Desktop/uric项目/uric_api/uric_api/apps/host/views.py changed, reloading.
INFO 2022-06-12 11:07:58,917 autoreload:637 Watching for file changes with StatReloader
INFO 2022-06-12 11:12:47,763 basehttp:161 "OPTIONS /host/list HTTP/1.1" 200 163
INFO 2022-06-12 11:13:06,583 autoreload:251 /Users/yuanhao/Desktop/uric项目/uric_api/uric_api/apps/host/views.py changed, reloading.
INFO 2022-06-12 11:13:07,392 autoreload:637 Watching for file changes with StatReloader
INFO 2022-06-12 11:13:12,204 autoreload:251 /Users/yuanhao/Desktop/uric项目/uric_api/uric_api/apps/host/views.py changed, reloading.
INFO 2022-06-12 11:13:12,970 autoreload:637 Watching for file changes with StatReloader
INFO 2022-06-12 11:13:27,629 basehttp:161 "OPTIONS /host HTTP/1.1" 301 0
INFO 2022-06-12 11:14:00,225 autoreload:251 /Users/yuanhao/Desktop/uric项目/uric_api/uric_api/apps/host/views.py changed, reloading.
INFO 2022-06-12 11:14:01,043 autoreload:637 Watching for file changes with StatReloader
INFO 2022-06-12 11:14:22,628 basehttp:161 "GET /host HTTP/1.1" 301 0
INFO 2022-06-12 11:14:22,930 basehttp:161 "GET /host HTTP/1.1" 301 0
INFO 2022-06-12 11:14:30,004 basehttp:161 "GET /host HTTP/1.1" 301 0
INFO 2022-06-12 11:14:45,528 basehttp:161 "GET /host/ HTTP/1.1" 200 59
INFO 2022-06-12 11:14:52,015 basehttp:161 "GET /host/ HTTP/1.1" 200 59
INFO 2022-06-12 11:15:03,664 basehttp:161 "OPTIONS /host/ HTTP/1.1" 200 163
INFO 2022-06-12 11:18:08,048 basehttp:161 "OPTIONS /host/ HTTP/1.1" 200 163
INFO 2022-06-12 11:19:28,402 autoreload:251 /Users/yuanhao/Desktop/uric项目/uric_api/uric_api/middlewares/cors.py changed, reloading.
INFO 2022-06-12 11:19:29,424 autoreload:637 Watching for file changes with StatReloader
INFO 2022-06-12 11:19:34,305 autoreload:251 /Users/yuanhao/Desktop/uric项目/uric_api/uric_api/middlewares/cors.py changed, reloading.
INFO 2022-06-12 11:19:35,100 autoreload:637 Watching for file changes with StatReloader
INFO 2022-06-12 11:20:06,167 autoreload:251 /Users/yuanhao/Desktop/uric项目/uric_api/uric_api/middlewares/cors.py changed, reloading.
INFO 2022-06-12 11:20:07,391 autoreload:637 Watching for file changes with StatReloader
INFO 2022-06-12 11:20:15,568 basehttp:161 "OPTIONS /host/ HTTP/1.1" 200 163
INFO 2022-06-12 11:20:15,575 basehttp:161 "DELETE /host/ HTTP/1.1" 200 14
INFO 2022-06-12 11:21:22,391 autoreload:251 /Users/yuanhao/Desktop/uric项目/uric_api/uric_api/settings/dev.py changed, reloading.
INFO 2022-06-12 11:21:23,862 autoreload:637 Watching for file changes with StatReloader
INFO 2022-06-12 11:21:29,119 basehttp:161 "OPTIONS /host/ HTTP/1.1" 200 163
INFO 2022-06-12 11:22:05,299 autoreload:251 /Users/yuanhao/Desktop/uric项目/uric_api/uric_api/settings/dev.py changed, reloading.
INFO 2022-06-12 11:22:05,986 autoreload:637 Watching for file changes with StatReloader
INFO 2022-06-12 11:22:13,134 autoreload:251 /Users/yuanhao/Desktop/uric项目/uric_api/uric_api/settings/dev.py changed, reloading.
INFO 2022-06-12 11:22:13,635 autoreload:637 Watching for file changes with StatReloader
INFO 2022-06-12 11:23:02,217 autoreload:251 /Users/yuanhao/Desktop/uric项目/uric_api/uric_api/settings/dev.py changed, reloading.
INFO 2022-06-12 11:23:03,314 autoreload:637 Watching for file changes with StatReloader
INFO 2022-06-12 11:23:09,632 basehttp:161 "OPTIONS /host/ HTTP/1.1" 200 0
INFO 2022-06-12 11:23:09,650 basehttp:161 "DELETE /host/ HTTP/1.1" 200 14
INFO 2022-06-14 03:47:58,804 autoreload:637 Watching for file changes with StatReloader
ERROR 2022-06-14 03:48:01,968 exception:101 Invalid HTTP_HOST header: '127.0.0.1:8000'. You may need to add '127.0.0.1' to ALLOWED_HOSTS.
WARNING 2022-06-14 03:48:02,078 log:230 Bad Request: /
WARNING 2022-06-14 03:48:02,079 basehttp:161 "GET / HTTP/1.1" 400 65484
ERROR 2022-06-14 03:48:02,360 exception:101 Invalid HTTP_HOST header: '127.0.0.1:8000'. You may need to add '127.0.0.1' to ALLOWED_HOSTS.
WARNING 2022-06-14 03:48:02,480 log:230 Bad Request: /favicon.ico
WARNING 2022-06-14 03:48:02,484 basehttp:161 "GET /favicon.ico HTTP/1.1" 400 65409
INFO 2022-06-14 03:48:16,046 autoreload:637 Watching for file changes with StatReloader
INFO 2022-06-14 06:28:09,997 autoreload:251 /Users/yuanhao/Desktop/uric项目/uric_api/uric_api/settings/dev.py changed, reloading.
INFO 2022-06-14 06:28:11,470 autoreload:637 Watching for file changes with StatReloader
INFO 2022-06-14 06:32:08,815 autoreload:251 /Users/yuanhao/Desktop/uric项目/uric_api/uric_api/settings/dev.py changed, reloading.
INFO 2022-06-14 06:32:09,349 autoreload:637 Watching for file changes with StatReloader
INFO 2022-06-14 07:05:20,781 autoreload:251 /Users/yuanhao/Desktop/uric项目/uric_api/uric_api/settings/dev.py changed, reloading.
INFO 2022-06-14 07:05:21,416 autoreload:637 Watching for file changes with StatReloader
INFO 2022-06-14 07:05:22,878 autoreload:251 /Users/yuanhao/Desktop/uric项目/uric_api/uric_api/settings/dev.py changed, reloading.
INFO 2022-06-14 07:05:23,332 autoreload:637 Watching for file changes with StatReloader
INFO 2022-06-14 07:07:41,353 autoreload:251 /Users/yuanhao/Desktop/uric项目/uric_api/uric_api/settings/dev.py changed, reloading.
INFO 2022-06-14 07:07:41,945 autoreload:637 Watching for file changes with StatReloader
INFO 2022-06-14 07:12:39,648 autoreload:251 /Users/yuanhao/Desktop/uric项目/uric_api/env/lib/python3.7/site-packages/django/contrib/admin/migrations/0001_initial.py changed, reloading.
INFO 2022-06-14 07:12:40,208 autoreload:637 Watching for file changes with StatReloader
INFO 2022-06-14 07:16:33,376 autoreload:251 /Users/yuanhao/Desktop/uric项目/uric_api/uric_api/settings/dev.py changed, reloading.
INFO 2022-06-14 07:16:34,424 autoreload:637 Watching for file changes with StatReloader
INFO 2022-06-14 07:16:58,355 autoreload:251 /Users/yuanhao/Desktop/uric项目/uric_api/uric_api/settings/dev.py changed, reloading.
INFO 2022-06-14 15:16:58,823 autoreload:637 Watching for file changes with StatReloader
INFO 2022-06-14 15:20:43,198 autoreload:251 /Users/yuanhao/Desktop/uric项目/uric_api/uric_api/apps/users/urls.py changed, reloading.
INFO 2022-06-14 15:20:44,375 autoreload:637 Watching for file changes with StatReloader
INFO 2022-06-14 15:20:55,194 autoreload:251 /Users/yuanhao/Desktop/uric项目/uric_api/uric_api/apps/users/urls.py changed, reloading.
INFO 2022-06-14 15:20:55,807 autoreload:637 Watching for file changes with StatReloader
WARNING 2022-06-14 15:21:33,197 log:230 Not Found: /
WARNING 2022-06-14 15:21:33,198 basehttp:161 "GET / HTTP/1.1" 404 2379
WARNING 2022-06-14 15:21:33,376 log:230 Not Found: /favicon.ico
WARNING 2022-06-14 15:21:33,381 basehttp:161 "GET /favicon.ico HTTP/1.1" 404 2430
WARNING 2022-06-14 15:21:41,280 log:230 Not Found: /login
WARNING 2022-06-14 15:21:41,283 basehttp:161 "GET /login HTTP/1.1" 404 2412
INFO 2022-06-14 15:21:47,037 basehttp:161 "GET /users/login HTTP/1.1" 301 0
WARNING 2022-06-14 15:21:47,095 log:230 Method Not Allowed: /users/login/
WARNING 2022-06-14 15:21:47,096 basehttp:161 "GET /users/login/ HTTP/1.1" 405 7683
INFO 2022-06-14 15:21:47,137 basehttp:161 "GET /static/rest_framework/css/bootstrap.min.css HTTP/1.1" 304 0
INFO 2022-06-14 15:21:47,145 basehttp:161 "GET /static/rest_framework/css/prettify.css HTTP/1.1" 304 0
INFO 2022-06-14 15:21:47,148 basehttp:161 "GET /static/rest_framework/js/jquery-3.5.1.min.js HTTP/1.1" 304 0
INFO 2022-06-14 15:21:47,149 basehttp:161 "GET /static/rest_framework/css/default.css HTTP/1.1" 304 0
INFO 2022-06-14 15:21:47,152 basehttp:161 "GET /static/rest_framework/css/bootstrap-tweaks.css HTTP/1.1" 304 0
INFO 2022-06-14 15:21:47,161 basehttp:161 "GET /static/rest_framework/js/csrf.js HTTP/1.1" 304 0
INFO 2022-06-14 15:21:47,162 basehttp:161 "GET /static/rest_framework/js/ajax-form.js HTTP/1.1" 304 0
INFO 2022-06-14 15:21:47,162 basehttp:161 "GET /static/rest_framework/js/default.js HTTP/1.1" 304 0
INFO 2022-06-14 15:21:47,163 basehttp:161 "GET /static/rest_framework/js/bootstrap.min.js HTTP/1.1" 304 0
INFO 2022-06-14 15:21:47,164 basehttp:161 "GET /static/rest_framework/js/prettify-min.js HTTP/1.1" 304 0
INFO 2022-06-14 15:21:47,230 basehttp:161 "GET /static/rest_framework/img/grid.png HTTP/1.1" 304 0
ERROR 2022-06-14 16:27:52,812 log:230 Internal Server Error: /users/login
Traceback (most recent call last):
  File "/Users/yuanhao/Desktop/uric项目/uric_api/env/lib/python3.7/site-packages/django/core/handlers/exception.py", line 47, in inner
    response = get_response(request)
  File "/Users/yuanhao/Desktop/uric项目/uric_api/env/lib/python3.7/site-packages/django/utils/deprecation.py", line 116, in __call__
    response = self.process_request(request)
  File "/Users/yuanhao/Desktop/uric项目/uric_api/env/lib/python3.7/site-packages/django/middleware/common.py", line 54, in process_request
    path = self.get_full_path_with_slash(request)
  File "/Users/yuanhao/Desktop/uric项目/uric_api/env/lib/python3.7/site-packages/django/middleware/common.py", line 95, in get_full_path_with_slash
    'url': request.get_host() + new_path,
RuntimeError: You called this URL via POST, but the URL doesn't end in a slash and you have APPEND_SLASH set. Django can't redirect to the slash URL while maintaining POST data. Change your form to point to api.uric.cn:8000/users/login/ (note the trailing slash), or set APPEND_SLASH=False in your Django settings.
ERROR 2022-06-14 16:27:52,815 basehttp:161 "POST /users/login HTTP/1.1" 500 65421
WARNING 2022-06-14 16:27:58,603 log:230 Unsupported Media Type: /users/login/
WARNING 2022-06-14 16:27:58,604 basehttp:161 "POST /users/login/ HTTP/1.1" 415 66
WARNING 2022-06-14 16:30:22,390 log:230 Bad Request: /users/login/
WARNING 2022-06-14 16:30:22,392 basehttp:161 "POST /users/login/ HTTP/1.1" 400 67
INFO 2022-06-14 16:30:34,535 basehttp:161 "POST /users/login/ HTTP/1.1" 200 201
INFO 2022-06-14 16:38:59,556 autoreload:251 /Users/yuanhao/Desktop/uric项目/uric_api/uric_api/apps/users/urls.py changed, reloading.
INFO 2022-06-14 16:39:00,340 autoreload:637 Watching for file changes with StatReloader
INFO 2022-06-14 16:39:02,864 autoreload:251 /Users/yuanhao/Desktop/uric项目/uric_api/uric_api/apps/users/urls.py changed, reloading.
INFO 2022-06-14 16:39:03,333 autoreload:637 Watching for file changes with StatReloader
INFO 2022-06-14 16:39:37,095 autoreload:251 /Users/yuanhao/Desktop/uric项目/uric_api/uric_api/settings/dev.py changed, reloading.
INFO 2022-06-14 16:39:37,778 autoreload:637 Watching for file changes with StatReloader
INFO 2022-06-14 16:39:39,366 autoreload:251 /Users/yuanhao/Desktop/uric项目/uric_api/uric_api/settings/dev.py changed, reloading.
INFO 2022-06-14 16:39:40,097 autoreload:637 Watching for file changes with StatReloader
INFO 2022-06-14 16:56:19,925 autoreload:637 Watching for file changes with StatReloader
INFO 2022-06-14 16:58:52,787 autoreload:251 /Users/yuanhao/Desktop/uric项目/uric_api/uric_api/settings/dev.py changed, reloading.
INFO 2022-06-14 16:58:53,617 autoreload:637 Watching for file changes with StatReloader
INFO 2022-06-14 16:59:17,891 autoreload:251 /Users/yuanhao/Desktop/uric项目/uric_api/uric_api/settings/dev.py changed, reloading.
INFO 2022-06-14 16:59:18,440 autoreload:637 Watching for file changes with StatReloader
INFO 2022-06-14 16:59:35,955 basehttp:161 "POST /users/verify/ HTTP/1.1" 200 201
INFO 2022-06-14 16:59:40,171 basehttp:161 "POST /users/verify/ HTTP/1.1" 200 201
INFO 2022-06-14 16:59:41,124 basehttp:161 "POST /users/verify/ HTTP/1.1" 200 201
INFO 2022-06-14 16:59:42,211 basehttp:161 "POST /users/verify/ HTTP/1.1" 200 201
INFO 2022-06-14 16:59:43,093 basehttp:161 "POST /users/verify/ HTTP/1.1" 200 201
INFO 2022-06-14 17:00:22,898 autoreload:251 /Users/yuanhao/Desktop/uric项目/uric_api/uric_api/settings/dev.py changed, reloading.
INFO 2022-06-14 17:00:23,777 autoreload:637 Watching for file changes with StatReloader
WARNING 2022-06-14 17:00:53,875 log:230 Bad Request: /users/login/
WARNING 2022-06-14 17:00:53,875 basehttp:161 "POST /users/login/ HTTP/1.1" 400 67
INFO 2022-06-14 17:00:59,496 basehttp:161 "POST /users/login/ HTTP/1.1" 200 201
INFO 2022-06-14 17:01:14,349 basehttp:161 "POST /users/verify/ HTTP/1.1" 200 201
INFO 2022-06-14 17:01:15,478 basehttp:161 "POST /users/verify/ HTTP/1.1" 200 201
INFO 2022-06-14 17:01:16,496 basehttp:161 "POST /users/verify/ HTTP/1.1" 200 201
INFO 2022-06-14 17:01:17,572 basehttp:161 "POST /users/verify/ HTTP/1.1" 200 201
INFO 2022-06-14 17:01:18,472 basehttp:161 "POST /users/verify/ HTTP/1.1" 200 201
INFO 2022-06-14 17:01:19,403 basehttp:161 "POST /users/verify/ HTTP/1.1" 200 201
INFO 2022-06-14 17:01:20,260 basehttp:161 "POST /users/verify/ HTTP/1.1" 200 201
INFO 2022-06-14 17:01:20,969 basehttp:161 "POST /users/verify/ HTTP/1.1" 200 201
INFO 2022-06-14 17:01:21,774 basehttp:161 "POST /users/verify/ HTTP/1.1" 200 201
INFO 2022-06-14 17:01:22,536 basehttp:161 "POST /users/verify/ HTTP/1.1" 200 201
INFO 2022-06-14 17:01:23,389 basehttp:161 "POST /users/verify/ HTTP/1.1" 200 201
INFO 2022-06-14 17:01:24,866 basehttp:161 "POST /users/verify/ HTTP/1.1" 200 201
INFO 2022-06-14 17:01:25,618 basehttp:161 "POST /users/verify/ HTTP/1.1" 200 201
INFO 2022-06-14 17:01:26,378 basehttp:161 "POST /users/verify/ HTTP/1.1" 200 201
INFO 2022-06-14 17:01:26,954 basehttp:161 "POST /users/verify/ HTTP/1.1" 200 201
INFO 2022-06-14 17:01:27,744 basehttp:161 "POST /users/verify/ HTTP/1.1" 200 201
INFO 2022-06-14 17:01:28,334 basehttp:161 "POST /users/verify/ HTTP/1.1" 200 201
INFO 2022-06-14 17:01:28,997 basehttp:161 "POST /users/verify/ HTTP/1.1" 200 201
INFO 2022-06-14 17:01:29,591 basehttp:161 "POST /users/verify/ HTTP/1.1" 200 201
WARNING 2022-06-14 17:01:30,250 log:230 Bad Request: /users/verify/
WARNING 2022-06-14 17:01:30,251 basehttp:161 "POST /users/verify/ HTTP/1.1" 400 47
WARNING 2022-06-14 17:01:30,860 log:230 Bad Request: /users/verify/
WARNING 2022-06-14 17:01:30,860 basehttp:161 "POST /users/verify/ HTTP/1.1" 400 47
WARNING 2022-06-14 17:01:31,742 log:230 Bad Request: /users/verify/
WARNING 2022-06-14 17:01:31,742 basehttp:161 "POST /users/verify/ HTTP/1.1" 400 47
INFO 2022-06-14 17:02:38,532 basehttp:161 "POST /users/login/ HTTP/1.1" 200 201
WARNING 2022-06-14 17:03:26,728 log:230 Bad Request: /users/verify/
WARNING 2022-06-14 17:03:26,730 basehttp:161 "POST /users/verify/ HTTP/1.1" 400 47
WARNING 2022-06-14 17:03:29,882 log:230 Bad Request: /users/verify/
WARNING 2022-06-14 17:03:29,883 basehttp:161 "POST /users/verify/ HTTP/1.1" 400 47
INFO 2022-06-14 17:04:31,082 basehttp:161 "POST /users/login/ HTTP/1.1" 200 201
WARNING 2022-06-14 17:06:04,202 log:230 Bad Request: /users/verify/
WARNING 2022-06-14 17:06:04,203 basehttp:161 "POST /users/verify/ HTTP/1.1" 400 47
INFO 2022-06-14 17:06:29,732 autoreload:251 /Users/yuanhao/Desktop/uric项目/uric_api/uric_api/settings/dev.py changed, reloading.
INFO 2022-06-14 17:06:30,472 autoreload:637 Watching for file changes with StatReloader
INFO 2022-06-14 17:06:38,386 basehttp:161 "POST /users/login/ HTTP/1.1" 200 201
INFO 2022-06-14 17:07:02,753 basehttp:161 "POST /users/login/ HTTP/1.1" 200 201
INFO 2022-06-14 17:07:40,805 basehttp:161 "POST /users/verify/ HTTP/1.1" 200 201
WARNING 2022-06-14 17:08:29,716 log:230 Bad Request: /users/verify/
WARNING 2022-06-14 17:08:29,717 basehttp:161 "POST /users/verify/ HTTP/1.1" 400 47
INFO 2022-06-14 17:10:13,220 autoreload:251 /Users/yuanhao/Desktop/uric项目/uric_api/uric_api/settings/dev.py changed, reloading.
INFO 2022-06-14 17:10:13,936 autoreload:637 Watching for file changes with StatReloader
INFO 2022-06-14 17:10:23,147 basehttp:161 "POST /users/login/ HTTP/1.1" 200 201
WARNING 2022-06-14 17:11:56,250 log:230 Unsupported Media Type: /users/verify/
WARNING 2022-06-14 17:11:56,251 basehttp:161 "POST /users/verify/ HTTP/1.1" 415 66
WARNING 2022-06-14 17:12:23,713 log:230 Unsupported Media Type: /users/verify/
WARNING 2022-06-14 17:12:23,713 basehttp:161 "POST /users/verify/ HTTP/1.1" 415 66
WARNING 2022-06-14 17:13:46,494 log:230 Bad Request: /users/verify/
WARNING 2022-06-14 17:13:46,494 basehttp:161 "POST /users/verify/ HTTP/1.1" 400 38
WARNING 2022-06-14 17:19:23,034 log:230 Bad Request: /users/refresh_jwt_token/
WARNING 2022-06-14 17:19:23,036 basehttp:161 "POST /users/refresh_jwt_token/ HTTP/1.1" 400 47
INFO 2022-06-14 17:19:32,990 basehttp:161 "POST /users/login/ HTTP/1.1" 200 201
INFO 2022-06-14 17:19:58,663 basehttp:161 "POST /users/refresh_jwt_token/ HTTP/1.1" 200 201
INFO 2022-06-14 17:20:12,673 basehttp:161 "POST /users/refresh_jwt_token/ HTTP/1.1" 200 201
INFO 2022-06-14 17:20:14,210 basehttp:161 "POST /users/refresh_jwt_token/ HTTP/1.1" 200 201
INFO 2022-06-14 17:20:16,260 basehttp:161 "POST /users/refresh_jwt_token/ HTTP/1.1" 200 201
INFO 2022-06-14 17:20:17,457 basehttp:161 "POST /users/refresh_jwt_token/ HTTP/1.1" 200 201
INFO 2022-06-14 17:20:19,152 basehttp:161 "POST /users/refresh_jwt_token/ HTTP/1.1" 200 201
INFO 2022-06-14 17:20:20,475 basehttp:161 "POST /users/refresh_jwt_token/ HTTP/1.1" 200 201
INFO 2022-06-14 17:20:28,316 autoreload:251 /Users/yuanhao/Desktop/uric项目/uric_api/uric_api/settings/dev.py changed, reloading.
INFO 2022-06-14 17:20:29,392 autoreload:637 Watching for file changes with StatReloader
INFO 2022-06-14 17:20:37,692 basehttp:161 "POST /users/refresh_jwt_token/ HTTP/1.1" 200 201
INFO 2022-06-14 17:20:45,649 basehttp:161 "POST /users/refresh_jwt_token/ HTTP/1.1" 200 201
WARNING 2022-06-14 17:21:04,282 log:230 Bad Request: /users/refresh_jwt_token/
WARNING 2022-06-14 17:21:04,283 basehttp:161 "POST /users/refresh_jwt_token/ HTTP/1.1" 400 47
WARNING 2022-06-14 17:21:06,510 log:230 Bad Request: /users/refresh_jwt_token/
WARNING 2022-06-14 17:21:06,511 basehttp:161 "POST /users/refresh_jwt_token/ HTTP/1.1" 400 47
INFO 2022-06-14 17:21:11,804 autoreload:251 /Users/yuanhao/Desktop/uric项目/uric_api/uric_api/settings/dev.py changed, reloading.
INFO 2022-06-14 17:21:12,993 autoreload:637 Watching for file changes with StatReloader
WARNING 2022-06-14 17:21:16,741 log:230 Bad Request: /users/refresh_jwt_token/
WARNING 2022-06-14 17:21:16,742 basehttp:161 "POST /users/refresh_jwt_token/ HTTP/1.1" 400 47
WARNING 2022-06-14 17:21:17,867 log:230 Bad Request: /users/refresh_jwt_token/
WARNING 2022-06-14 17:21:17,867 basehttp:161 "POST /users/refresh_jwt_token/ HTTP/1.1" 400 47
INFO 2022-06-14 17:21:32,405 basehttp:161 "POST /users/login/ HTTP/1.1" 200 201
INFO 2022-06-14 17:21:46,757 basehttp:161 "POST /users/refresh_jwt_token/ HTTP/1.1" 200 201
INFO 2022-06-15 08:46:29,129 basehttp:161 "OPTIONS /users/login HTTP/1.1" 200 0
ERROR 2022-06-15 08:46:29,147 exception:101 Invalid HTTP_HOST header: 'api.urils.cn:8000'. You may need to add 'api.urils.cn' to ALLOWED_HOSTS.
WARNING 2022-06-15 08:46:29,305 log:230 Bad Request: /users/login
WARNING 2022-06-15 08:46:29,306 basehttp:161 "POST /users/login HTTP/1.1" 400 64991
INFO 2022-06-15 08:46:37,003 basehttp:161 "OPTIONS /users/login HTTP/1.1" 200 0
ERROR 2022-06-15 08:46:37,015 exception:101 Invalid HTTP_HOST header: 'api.urils.cn:8000'. You may need to add 'api.urils.cn' to ALLOWED_HOSTS.
WARNING 2022-06-15 08:46:37,129 log:230 Bad Request: /users/login
WARNING 2022-06-15 08:46:37,130 basehttp:161 "POST /users/login HTTP/1.1" 400 64991
INFO 2022-06-15 08:46:50,885 basehttp:161 "OPTIONS /users/login HTTP/1.1" 200 0
ERROR 2022-06-15 08:46:50,899 exception:101 Invalid HTTP_HOST header: 'api.urils.cn:8000'. You may need to add 'api.urils.cn' to ALLOWED_HOSTS.
WARNING 2022-06-15 08:46:50,974 log:230 Bad Request: /users/login
WARNING 2022-06-15 08:46:50,975 basehttp:161 "POST /users/login HTTP/1.1" 400 64991
INFO 2022-06-15 08:48:40,794 basehttp:161 "OPTIONS /users/login HTTP/1.1" 200 0
ERROR 2022-06-15 08:48:40,898 log:230 Internal Server Error: /users/login
Traceback (most recent call last):
  File "/Users/yuanhao/Desktop/uric项目/uric_api/env/lib/python3.7/site-packages/django/core/handlers/exception.py", line 47, in inner
    response = get_response(request)
  File "/Users/yuanhao/Desktop/uric项目/uric_api/env/lib/python3.7/site-packages/django/utils/deprecation.py", line 116, in __call__
    response = self.process_request(request)
  File "/Users/yuanhao/Desktop/uric项目/uric_api/env/lib/python3.7/site-packages/django/middleware/common.py", line 54, in process_request
    path = self.get_full_path_with_slash(request)
  File "/Users/yuanhao/Desktop/uric项目/uric_api/env/lib/python3.7/site-packages/django/middleware/common.py", line 95, in get_full_path_with_slash
    'url': request.get_host() + new_path,
RuntimeError: You called this URL via POST, but the URL doesn't end in a slash and you have APPEND_SLASH set. Django can't redirect to the slash URL while maintaining POST data. Change your form to point to api.uric.cn:8000/users/login/ (note the trailing slash), or set APPEND_SLASH=False in your Django settings.
ERROR 2022-06-15 08:48:40,899 basehttp:161 "POST /users/login HTTP/1.1" 500 65715
INFO 2022-06-15 08:49:25,424 autoreload:637 Watching for file changes with StatReloader
INFO 2022-06-15 08:49:42,953 basehttp:161 "OPTIONS /users/login/ HTTP/1.1" 200 0
INFO 2022-06-15 08:49:43,296 basehttp:161 "POST /users/login/ HTTP/1.1" 200 201
INFO 2022-06-15 09:47:32,634 basehttp:161 "OPTIONS /users/login HTTP/1.1" 200 0
ERROR 2022-06-15 09:47:32,760 log:230 Internal Server Error: /users/login
Traceback (most recent call last):
  File "/Users/yuanhao/Desktop/uric项目/uric_api/env/lib/python3.7/site-packages/django/core/handlers/exception.py", line 47, in inner
    response = get_response(request)
  File "/Users/yuanhao/Desktop/uric项目/uric_api/env/lib/python3.7/site-packages/django/utils/deprecation.py", line 116, in __call__
    response = self.process_request(request)
  File "/Users/yuanhao/Desktop/uric项目/uric_api/env/lib/python3.7/site-packages/django/middleware/common.py", line 54, in process_request
    path = self.get_full_path_with_slash(request)
  File "/Users/yuanhao/Desktop/uric项目/uric_api/env/lib/python3.7/site-packages/django/middleware/common.py", line 95, in get_full_path_with_slash
    'url': request.get_host() + new_path,
RuntimeError: You called this URL via POST, but the URL doesn't end in a slash and you have APPEND_SLASH set. Django can't redirect to the slash URL while maintaining POST data. Change your form to point to api.uric.cn:8000/users/login/ (note the trailing slash), or set APPEND_SLASH=False in your Django settings.
ERROR 2022-06-15 09:47:32,769 basehttp:161 "POST /users/login HTTP/1.1" 500 65715
INFO 2022-06-15 10:50:15,370 basehttp:161 "OPTIONS /users/login HTTP/1.1" 200 0
ERROR 2022-06-15 10:50:15,422 log:230 Internal Server Error: /users/login
Traceback (most recent call last):
  File "/Users/yuanhao/Desktop/uric项目/uric_api/env/lib/python3.7/site-packages/django/core/handlers/exception.py", line 47, in inner
    response = get_response(request)
  File "/Users/yuanhao/Desktop/uric项目/uric_api/env/lib/python3.7/site-packages/django/utils/deprecation.py", line 116, in __call__
    response = self.process_request(request)
  File "/Users/yuanhao/Desktop/uric项目/uric_api/env/lib/python3.7/site-packages/django/middleware/common.py", line 54, in process_request
    path = self.get_full_path_with_slash(request)
  File "/Users/yuanhao/Desktop/uric项目/uric_api/env/lib/python3.7/site-packages/django/middleware/common.py", line 95, in get_full_path_with_slash
    'url': request.get_host() + new_path,
RuntimeError: You called this URL via POST, but the URL doesn't end in a slash and you have APPEND_SLASH set. Django can't redirect to the slash URL while maintaining POST data. Change your form to point to api.uric.cn:8000/users/login/ (note the trailing slash), or set APPEND_SLASH=False in your Django settings.
ERROR 2022-06-15 10:50:15,424 basehttp:161 "POST /users/login HTTP/1.1" 500 65715
INFO 2022-06-15 10:50:54,920 basehttp:161 "OPTIONS /users/login/ HTTP/1.1" 200 0
INFO 2022-06-15 10:50:55,216 basehttp:161 "POST /users/login/ HTTP/1.1" 200 201
INFO 2022-06-15 10:51:08,673 basehttp:161 "OPTIONS /users/login/ HTTP/1.1" 200 0
INFO 2022-06-15 10:51:08,866 basehttp:161 "POST /users/login/ HTTP/1.1" 200 201
INFO 2022-06-15 11:44:52,204 basehttp:161 "OPTIONS /users/login/ HTTP/1.1" 200 0
INFO 2022-06-15 11:44:52,433 basehttp:161 "POST /users/login/ HTTP/1.1" 200 201
INFO 2022-06-15 11:45:28,603 basehttp:161 "OPTIONS /users/login/ HTTP/1.1" 200 0
INFO 2022-06-15 11:45:28,850 basehttp:161 "POST /users/login/ HTTP/1.1" 200 201
INFO 2022-06-15 11:46:10,497 basehttp:161 "OPTIONS /users/login/ HTTP/1.1" 200 0
INFO 2022-06-15 11:46:10,748 basehttp:161 "POST /users/login/ HTTP/1.1" 200 201
INFO 2022-06-15 11:46:18,815 basehttp:161 "OPTIONS /users/login/ HTTP/1.1" 200 0
INFO 2022-06-15 11:46:19,023 basehttp:161 "POST /users/login/ HTTP/1.1" 200 201
INFO 2022-06-15 11:46:54,544 basehttp:161 "OPTIONS /users/login/ HTTP/1.1" 200 0
WARNING 2022-06-15 11:46:54,752 log:230 Bad Request: /users/login/
WARNING 2022-06-15 11:46:54,752 basehttp:161 "POST /users/login/ HTTP/1.1" 400 67
INFO 2022-06-15 11:48:11,632 basehttp:161 "OPTIONS /users/login/ HTTP/1.1" 200 0
WARNING 2022-06-15 11:48:11,897 log:230 Bad Request: /users/login/
WARNING 2022-06-15 11:48:11,898 basehttp:161 "POST /users/login/ HTTP/1.1" 400 67
INFO 2022-06-15 11:51:26,335 basehttp:161 "OPTIONS /users/login/ HTTP/1.1" 200 0
WARNING 2022-06-15 11:51:26,537 log:230 Bad Request: /users/login/
WARNING 2022-06-15 11:51:26,537 basehttp:161 "POST /users/login/ HTTP/1.1" 400 67
INFO 2022-06-15 11:53:21,169 basehttp:161 "OPTIONS /users/login/ HTTP/1.1" 200 0
INFO 2022-06-15 11:53:21,355 basehttp:161 "POST /users/login/ HTTP/1.1" 200 201
INFO 2022-06-15 11:53:29,531 basehttp:161 "OPTIONS /users/login/ HTTP/1.1" 200 0
WARNING 2022-06-15 11:53:29,730 log:230 Bad Request: /users/login/
WARNING 2022-06-15 11:53:29,731 basehttp:161 "POST /users/login/ HTTP/1.1" 400 67
INFO 2022-06-15 11:54:16,513 basehttp:161 "OPTIONS /users/login/ HTTP/1.1" 200 0
INFO 2022-06-15 11:54:16,737 basehttp:161 "POST /users/login/ HTTP/1.1" 200 201
INFO 2022-06-15 11:54:23,128 basehttp:161 "OPTIONS /users/login/ HTTP/1.1" 200 0
WARNING 2022-06-15 11:54:23,383 log:230 Bad Request: /users/login/
WARNING 2022-06-15 11:54:23,383 basehttp:161 "POST /users/login/ HTTP/1.1" 400 67
INFO 2022-06-15 11:58:55,121 basehttp:161 "OPTIONS /users/login/ HTTP/1.1" 200 0
WARNING 2022-06-15 11:58:55,383 log:230 Bad Request: /users/login/
WARNING 2022-06-15 11:58:55,384 basehttp:161 "POST /users/login/ HTTP/1.1" 400 67
INFO 2022-06-15 12:01:28,304 basehttp:161 "OPTIONS /users/login/ HTTP/1.1" 200 0
INFO 2022-06-15 12:01:28,494 basehttp:161 "POST /users/login/ HTTP/1.1" 200 201
INFO 2022-06-15 12:02:07,922 basehttp:161 "OPTIONS /users/login/ HTTP/1.1" 200 0
INFO 2022-06-15 12:02:08,116 basehttp:161 "POST /users/login/ HTTP/1.1" 200 201
INFO 2022-06-15 12:02:42,638 basehttp:161 "OPTIONS /users/login/ HTTP/1.1" 200 0
INFO 2022-06-15 12:02:42,823 basehttp:161 "POST /users/login/ HTTP/1.1" 200 201
INFO 2022-06-15 12:02:58,780 basehttp:161 "OPTIONS /users/login/ HTTP/1.1" 200 0
INFO 2022-06-15 12:02:58,969 basehttp:161 "POST /users/login/ HTTP/1.1" 200 201
INFO 2022-06-15 12:03:50,994 basehttp:161 "OPTIONS /users/login/ HTTP/1.1" 200 0
INFO 2022-06-15 12:03:51,179 basehttp:161 "POST /users/login/ HTTP/1.1" 200 201
INFO 2022-06-15 12:04:46,365 basehttp:161 "OPTIONS /users/login/ HTTP/1.1" 200 0
WARNING 2022-06-15 12:04:46,565 log:230 Bad Request: /users/login/
WARNING 2022-06-15 12:04:46,565 basehttp:161 "POST /users/login/ HTTP/1.1" 400 67
INFO 2022-06-15 12:04:49,614 basehttp:161 "OPTIONS /users/login/ HTTP/1.1" 200 0
WARNING 2022-06-15 12:04:49,848 log:230 Bad Request: /users/login/
WARNING 2022-06-15 12:04:49,849 basehttp:161 "POST /users/login/ HTTP/1.1" 400 67
INFO 2022-06-15 12:04:52,441 basehttp:161 "OPTIONS /users/login/ HTTP/1.1" 200 0
INFO 2022-06-15 12:04:52,640 basehttp:161 "POST /users/login/ HTTP/1.1" 200 201
INFO 2022-06-15 12:11:51,831 basehttp:161 "OPTIONS /users/login/ HTTP/1.1" 200 0
INFO 2022-06-15 12:11:52,039 basehttp:161 "POST /users/login/ HTTP/1.1" 200 201
INFO 2022-06-17 14:39:10,452 autoreload:637 Watching for file changes with StatReloader
INFO 2022-06-17 14:42:52,395 basehttp:161 "GET /home/test HTTP/1.1" 200 20
INFO 2022-06-17 14:43:40,777 autoreload:251 /Users/yuanhao/Desktop/uric项目/uric_api/uric_api/apps/host/views.py changed, reloading.
INFO 2022-06-17 14:43:42,210 autoreload:637 Watching for file changes with StatReloader
INFO 2022-06-17 14:43:46,714 basehttp:161 "GET /home/test HTTP/1.1" 200 20
INFO 2022-06-17 14:43:47,818 basehttp:161 "GET /home/test HTTP/1.1" 200 20
INFO 2022-06-17 14:43:48,906 basehttp:161 "GET /home/test HTTP/1.1" 200 20
INFO 2022-06-17 14:43:49,854 basehttp:161 "GET /home/test HTTP/1.1" 200 20
INFO 2022-06-17 14:43:50,911 basehttp:161 "GET /home/test HTTP/1.1" 200 20
INFO 2022-06-17 14:43:51,876 basehttp:161 "GET /home/test HTTP/1.1" 200 20
INFO 2022-06-17 14:43:52,796 basehttp:161 "GET /home/test HTTP/1.1" 200 20
INFO 2022-06-17 14:43:53,660 basehttp:161 "GET /home/test HTTP/1.1" 200 20
INFO 2022-06-17 14:43:54,539 basehttp:161 "GET /home/test HTTP/1.1" 200 20
INFO 2022-06-17 14:43:55,449 basehttp:161 "GET /home/test HTTP/1.1" 200 20
INFO 2022-06-17 15:13:22,165 autoreload:251 /Users/yuanhao/Desktop/uric项目/uric_api/uric_api/settings/dev.py changed, reloading.
INFO 2022-06-17 15:15:33,868 autoreload:637 Watching for file changes with StatReloader
INFO 2022-06-17 15:15:37,473 basehttp:161 "GET /host HTTP/1.1" 301 0
INFO 2022-06-17 15:15:37,487 basehttp:161 "GET /host/ HTTP/1.1" 200 59
INFO 2022-06-17 15:15:45,041 autoreload:251 /Users/yuanhao/Desktop/uric项目/uric_api/uric_api/apps/host/views.py changed, reloading.
INFO 2022-06-17 15:15:45,633 autoreload:637 Watching for file changes with StatReloader
INFO 2022-06-17 15:15:46,644 basehttp:161 "GET /host HTTP/1.1" 301 0
ERROR 2022-06-17 15:15:46,765 log:230 Internal Server Error: /host/
Traceback (most recent call last):
  File "/Users/yuanhao/Desktop/uric项目/uric_api/env/lib/python3.7/site-packages/rest_framework/request.py", line 74, in wrap_attributeerrors
    yield
  File "/Users/yuanhao/Desktop/uric项目/uric_api/env/lib/python3.7/site-packages/rest_framework/request.py", line 227, in user
    self._authenticate()
  File "/Users/yuanhao/Desktop/uric项目/uric_api/env/lib/python3.7/site-packages/rest_framework/request.py", line 380, in _authenticate
    user_auth_tuple = authenticator.authenticate(self)
AttributeError: 'IsAuthenticated' object has no attribute 'authenticate'

During handling of the above exception, another exception occurred:

Traceback (most recent call last):
  File "/Users/yuanhao/Desktop/uric项目/uric_api/env/lib/python3.7/site-packages/django/core/handlers/exception.py", line 47, in inner
    response = get_response(request)
  File "/Users/yuanhao/Desktop/uric项目/uric_api/env/lib/python3.7/site-packages/django/core/handlers/base.py", line 181, in _get_response
    response = wrapped_callback(request, *callback_args, **callback_kwargs)
  File "/Users/yuanhao/Desktop/uric项目/uric_api/env/lib/python3.7/site-packages/django/views/decorators/csrf.py", line 54, in wrapped_view
    return view_func(*args, **kwargs)
  File "/Users/yuanhao/Desktop/uric项目/uric_api/env/lib/python3.7/site-packages/django/views/generic/base.py", line 70, in view
    return self.dispatch(request, *args, **kwargs)
  File "/Users/yuanhao/Desktop/uric项目/uric_api/env/lib/python3.7/site-packages/rest_framework/views.py", line 509, in dispatch
    response = self.handle_exception(exc)
  File "/Users/yuanhao/Desktop/uric项目/uric_api/env/lib/python3.7/site-packages/rest_framework/views.py", line 469, in handle_exception
    self.raise_uncaught_exception(exc)
  File "/Users/yuanhao/Desktop/uric项目/uric_api/env/lib/python3.7/site-packages/rest_framework/views.py", line 480, in raise_uncaught_exception
    raise exc
  File "/Users/yuanhao/Desktop/uric项目/uric_api/env/lib/python3.7/site-packages/rest_framework/views.py", line 497, in dispatch
    self.initial(request, *args, **kwargs)
  File "/Users/yuanhao/Desktop/uric项目/uric_api/env/lib/python3.7/site-packages/rest_framework/views.py", line 414, in initial
    self.perform_authentication(request)
  File "/Users/yuanhao/Desktop/uric项目/uric_api/env/lib/python3.7/site-packages/rest_framework/views.py", line 324, in perform_authentication
    request.user
  File "/Users/yuanhao/Desktop/uric项目/uric_api/env/lib/python3.7/site-packages/rest_framework/request.py", line 227, in user
    self._authenticate()
  File "/usr/local/Cellar/python/3.7.6_1/Frameworks/Python.framework/Versions/3.7/lib/python3.7/contextlib.py", line 130, in __exit__
    self.gen.throw(type, value, traceback)
  File "/Users/yuanhao/Desktop/uric项目/uric_api/env/lib/python3.7/site-packages/rest_framework/request.py", line 78, in wrap_attributeerrors
    raise exc.with_traceback(info[2])
  File "/Users/yuanhao/Desktop/uric项目/uric_api/env/lib/python3.7/site-packages/rest_framework/request.py", line 74, in wrap_attributeerrors
    yield
  File "/Users/yuanhao/Desktop/uric项目/uric_api/env/lib/python3.7/site-packages/rest_framework/request.py", line 227, in user
    self._authenticate()
  File "/Users/yuanhao/Desktop/uric项目/uric_api/env/lib/python3.7/site-packages/rest_framework/request.py", line 380, in _authenticate
    user_auth_tuple = authenticator.authenticate(self)
rest_framework.request.WrappedAttributeError: 'IsAuthenticated' object has no attribute 'authenticate'
ERROR 2022-06-17 15:15:46,767 basehttp:161 "GET /host/ HTTP/1.1" 500 125754
INFO 2022-06-17 15:16:17,221 autoreload:251 /Users/yuanhao/Desktop/uric项目/uric_api/uric_api/apps/host/views.py changed, reloading.
INFO 2022-06-17 15:16:17,983 autoreload:637 Watching for file changes with StatReloader
INFO 2022-06-17 15:16:19,688 basehttp:161 "GET /host HTTP/1.1" 301 0
WARNING 2022-06-17 15:16:19,699 log:230 Unauthorized: /host/
WARNING 2022-06-17 15:16:19,700 basehttp:161 "GET /host/ HTTP/1.1" 401 43
INFO 2022-06-17 15:16:26,826 autoreload:251 /Users/yuanhao/Desktop/uric项目/uric_api/uric_api/apps/host/views.py changed, reloading.
INFO 2022-06-17 15:16:27,469 autoreload:637 Watching for file changes with StatReloader
INFO 2022-06-17 15:16:30,534 basehttp:161 "GET /host HTTP/1.1" 301 0
WARNING 2022-06-17 15:16:30,545 log:230 Unauthorized: /host/
WARNING 2022-06-17 15:16:30,546 basehttp:161 "GET /host/ HTTP/1.1" 401 43
ERROR 2022-06-17 15:16:36,640 log:230 Internal Server Error: /host
Traceback (most recent call last):
  File "/Users/yuanhao/Desktop/uric项目/uric_api/env/lib/python3.7/site-packages/django/core/handlers/exception.py", line 47, in inner
    response = get_response(request)
  File "/Users/yuanhao/Desktop/uric项目/uric_api/env/lib/python3.7/site-packages/django/utils/deprecation.py", line 116, in __call__
    response = self.process_request(request)
  File "/Users/yuanhao/Desktop/uric项目/uric_api/env/lib/python3.7/site-packages/django/middleware/common.py", line 54, in process_request
    path = self.get_full_path_with_slash(request)
  File "/Users/yuanhao/Desktop/uric项目/uric_api/env/lib/python3.7/site-packages/django/middleware/common.py", line 95, in get_full_path_with_slash
    'url': request.get_host() + new_path,
RuntimeError: You called this URL via POST, but the URL doesn't end in a slash and you have APPEND_SLASH set. Django can't redirect to the slash URL while maintaining POST data. Change your form to point to api.uric.cn:8000/host/ (note the trailing slash), or set APPEND_SLASH=False in your Django settings.
ERROR 2022-06-17 15:16:36,641 basehttp:161 "POST /host HTTP/1.1" 500 65124
WARNING 2022-06-17 15:16:42,969 log:230 Unauthorized: /host/
WARNING 2022-06-17 15:16:42,970 basehttp:161 "POST /host/ HTTP/1.1" 401 43
INFO 2022-06-17 15:17:25,541 basehttp:161 "POST /users/login/ HTTP/1.1" 200 201
WARNING 2022-06-17 15:17:38,715 log:230 Unauthorized: /host/
WARNING 2022-06-17 15:17:38,715 basehttp:161 "POST /host/ HTTP/1.1" 401 43
WARNING 2022-06-17 15:17:41,340 log:230 Unauthorized: /host/
WARNING 2022-06-17 15:17:41,340 basehttp:161 "POST /host/ HTTP/1.1" 401 43
WARNING 2022-06-17 15:17:54,399 log:230 Unauthorized: /host/
WARNING 2022-06-17 15:17:54,400 basehttp:161 "POST /host/?%7B%22token%22:%22eyJ0eXAiOiJKV1QiLCJhbGciOiJIUzI1NiJ9.eyJ1c2VyX2lkIjoxLCJ1c2VybmFtZSI6Inl1YW4iLCJleHAiOjE2NTU0NTM4NDUsImVtYWlsIjoiIiwib3JpZ19pYXQiOjE2NTU0NTAyNDV9.svicuqj7dl_GHXerpZ0C1JGbiKeSuinEKtkO_QlPp4M%22%7D HTTP/1.1" 401 43
WARNING 2022-06-17 15:18:30,685 log:230 Unauthorized: /host/
WARNING 2022-06-17 15:18:30,685 basehttp:161 "POST /host/?%7B%22token%22:%22eyJ0eXAiOiJKV1QiLCJhbGciOiJIUzI1NiJ9.eyJ1c2VyX2lkIjoxLCJ1c2VybmFtZSI6Inl1YW4iLCJleHAiOjE2NTU0NTM4NDUsImVtYWlsIjoiIiwib3JpZ19pYXQiOjE2NTU0NTAyNDV9.svicuqj7dl_GHXerpZ0C1JGbiKeSuinEKtkO_QlPp4M%22%7D HTTP/1.1" 401 43
WARNING 2022-06-17 15:18:32,904 log:230 Unauthorized: /host/
WARNING 2022-06-17 15:18:32,905 basehttp:161 "POST /host/?%7B%22token%22:%22eyJ0eXAiOiJKV1QiLCJhbGciOiJIUzI1NiJ9.eyJ1c2VyX2lkIjoxLCJ1c2VybmFtZSI6Inl1YW4iLCJleHAiOjE2NTU0NTM4NDUsImVtYWlsIjoiIiwib3JpZ19pYXQiOjE2NTU0NTAyNDV9.svicuqj7dl_GHXerpZ0C1JGbiKeSuinEKtkO_QlPp4M%22%7D HTTP/1.1" 401 43
WARNING 2022-06-17 15:18:43,393 log:230 Unauthorized: /host/
WARNING 2022-06-17 15:18:43,394 basehttp:161 "POST /host/ HTTP/1.1" 401 43
WARNING 2022-06-17 15:20:03,982 log:230 Method Not Allowed: /host/
WARNING 2022-06-17 15:20:03,982 basehttp:161 "POST /host/ HTTP/1.1" 405 46
INFO 2022-06-17 15:20:25,232 basehttp:161 "GET /host/ HTTP/1.1" 200 59
WARNING 2022-06-17 15:20:30,978 log:230 Unauthorized: /host/
WARNING 2022-06-17 15:20:30,978 basehttp:161 "GET /host/ HTTP/1.1" 401 43
INFO 2022-06-17 15:20:39,575 basehttp:161 "GET /host/ HTTP/1.1" 200 59
WARNING 2022-06-17 15:20:49,604 log:230 Unauthorized: /host/
WARNING 2022-06-17 15:20:49,604 basehttp:161 "GET /host/ HTTP/1.1" 401 43
INFO 2022-06-17 15:21:24,959 autoreload:251 /Users/yuanhao/Desktop/uric项目/uric_api/uric_api/apps/host/views.py changed, reloading.
INFO 2022-06-17 15:21:25,742 autoreload:637 Watching for file changes with StatReloader
INFO 2022-06-17 15:21:33,546 autoreload:251 /Users/yuanhao/Desktop/uric项目/uric_api/uric_api/apps/host/views.py changed, reloading.
INFO 2022-06-17 15:21:34,005 autoreload:637 Watching for file changes with StatReloader
WARNING 2022-06-17 15:21:37,494 log:230 Unauthorized: /host/
WARNING 2022-06-17 15:21:37,495 basehttp:161 "GET /host/ HTTP/1.1" 401 43
WARNING 2022-06-17 15:21:38,904 log:230 Unauthorized: /host/
WARNING 2022-06-17 15:21:38,905 basehttp:161 "GET /host/ HTTP/1.1" 401 43
INFO 2022-06-17 15:21:41,364 basehttp:161 "GET /host/ HTTP/1.1" 200 17
INFO 2022-06-17 15:22:56,131 autoreload:251 /Users/yuanhao/Desktop/uric项目/uric_api/uric_api/apps/host/views.py changed, reloading.
INFO 2022-06-17 15:22:57,330 autoreload:637 Watching for file changes with StatReloader
INFO 2022-06-17 15:22:58,959 autoreload:251 /Users/yuanhao/Desktop/uric项目/uric_api/uric_api/apps/host/views.py changed, reloading.
INFO 2022-06-17 15:22:59,542 autoreload:637 Watching for file changes with StatReloader
INFO 2022-06-17 15:23:04,255 autoreload:251 /Users/yuanhao/Desktop/uric项目/uric_api/uric_api/apps/host/views.py changed, reloading.
INFO 2022-06-17 15:23:05,215 autoreload:637 Watching for file changes with StatReloader
INFO 2022-06-17 15:23:06,095 basehttp:161 "GET /host/ HTTP/1.1" 200 503
INFO 2022-06-17 15:27:00,255 autoreload:251 /Users/yuanhao/Desktop/uric项目/uric_api/uric_api/settings/dev.py changed, reloading.
INFO 2022-06-17 15:27:01,096 autoreload:637 Watching for file changes with StatReloader
INFO 2022-06-17 15:27:16,549 basehttp:161 "GET /home/test HTTP/1.1" 200 20
INFO 2022-06-17 15:27:21,191 basehttp:161 "GET /home/test HTTP/1.1" 200 20
INFO 2022-06-17 15:27:59,120 autoreload:251 /Users/yuanhao/Desktop/uric项目/uric_api/uric_api/settings/dev.py changed, reloading.
INFO 2022-06-17 15:30:54,416 autoreload:637 Watching for file changes with StatReloader
ERROR 2022-06-17 15:30:58,134 log:230 Internal Server Error: /home/test
Traceback (most recent call last):
  File "/Users/yuanhao/Desktop/uric项目/uric_api/env/lib/python3.7/site-packages/django/core/handlers/exception.py", line 47, in inner
    response = get_response(request)
  File "/Users/yuanhao/Desktop/uric项目/uric_api/env/lib/python3.7/site-packages/django/core/handlers/base.py", line 181, in _get_response
    response = wrapped_callback(request, *callback_args, **callback_kwargs)
  File "/Users/yuanhao/Desktop/uric项目/uric_api/env/lib/python3.7/site-packages/django/views/decorators/csrf.py", line 54, in wrapped_view
    return view_func(*args, **kwargs)
  File "/Users/yuanhao/Desktop/uric项目/uric_api/env/lib/python3.7/site-packages/django/views/generic/base.py", line 70, in view
    return self.dispatch(request, *args, **kwargs)
  File "/Users/yuanhao/Desktop/uric项目/uric_api/env/lib/python3.7/site-packages/rest_framework/views.py", line 509, in dispatch
    response = self.handle_exception(exc)
  File "/Users/yuanhao/Desktop/uric项目/uric_api/env/lib/python3.7/site-packages/rest_framework/views.py", line 469, in handle_exception
    self.raise_uncaught_exception(exc)
  File "/Users/yuanhao/Desktop/uric项目/uric_api/env/lib/python3.7/site-packages/rest_framework/views.py", line 480, in raise_uncaught_exception
    raise exc
  File "/Users/yuanhao/Desktop/uric项目/uric_api/env/lib/python3.7/site-packages/rest_framework/views.py", line 497, in dispatch
    self.initial(request, *args, **kwargs)
  File "/Users/yuanhao/Desktop/uric项目/uric_api/env/lib/python3.7/site-packages/rest_framework/views.py", line 415, in initial
    self.check_permissions(request)
  File "/Users/yuanhao/Desktop/uric项目/uric_api/env/lib/python3.7/site-packages/rest_framework/views.py", line 331, in check_permissions
    for permission in self.get_permissions():
  File "/Users/yuanhao/Desktop/uric项目/uric_api/env/lib/python3.7/site-packages/rest_framework/views.py", line 278, in get_permissions
    return [permission() for permission in self.permission_classes]
TypeError: 'BasePermissionMetaclass' object is not iterable
ERROR 2022-06-17 15:30:58,137 basehttp:161 "GET /home/test HTTP/1.1" 500 93690
INFO 2022-06-17 15:31:27,305 autoreload:251 /Users/yuanhao/Desktop/uric项目/uric_api/uric_api/settings/dev.py changed, reloading.
INFO 2022-06-17 15:31:28,272 autoreload:637 Watching for file changes with StatReloader
WARNING 2022-06-17 15:31:30,826 log:230 Unauthorized: /home/test
WARNING 2022-06-17 15:31:30,827 basehttp:161 "GET /home/test HTTP/1.1" 401 43
INFO 2022-06-17 15:31:35,678 basehttp:161 "GET /home/test HTTP/1.1" 200 20
WARNING 2022-06-17 15:31:38,935 log:230 Unauthorized: /home/test
WARNING 2022-06-17 15:31:38,936 basehttp:161 "GET /home/test HTTP/1.1" 401 43
INFO 2022-06-17 15:31:52,271 autoreload:251 /Users/yuanhao/Desktop/uric项目/uric_api/uric_api/settings/dev.py changed, reloading.
INFO 2022-06-17 15:31:52,793 autoreload:637 Watching for file changes with StatReloader
INFO 2022-06-17 15:32:10,680 basehttp:161 "GET /home/test HTTP/1.1" 200 20
INFO 2022-06-17 15:32:21,979 basehttp:161 "GET /host/ HTTP/1.1" 200 503
WARNING 2022-06-17 15:32:26,207 log:230 Unauthorized: /host/
WARNING 2022-06-17 15:32:26,208 basehttp:161 "GET /host/ HTTP/1.1" 401 43
INFO 2022-06-17 15:33:20,866 autoreload:251 /Users/yuanhao/Desktop/uric项目/uric_api/uric_api/settings/dev.py changed, reloading.
INFO 2022-06-17 15:33:21,833 autoreload:637 Watching for file changes with StatReloader
INFO 2022-06-17 15:35:47,019 basehttp:161 "GET /host/ HTTP/1.1" 200 503
INFO 2022-06-17 15:49:36,973 basehttp:161 "OPTIONS /users/login/ HTTP/1.1" 200 0
INFO 2022-06-17 15:49:37,199 basehttp:161 "POST /users/login/ HTTP/1.1" 200 201
INFO 2022-06-17 15:59:57,679 basehttp:161 "OPTIONS /users/login/ HTTP/1.1" 200 0
INFO 2022-06-17 15:59:57,877 basehttp:161 "POST /users/login/ HTTP/1.1" 200 201
INFO 2022-06-17 16:04:30,836 basehttp:161 "OPTIONS /users/login/ HTTP/1.1" 200 0
INFO 2022-06-17 16:04:31,027 basehttp:161 "POST /users/login/ HTTP/1.1" 200 201
INFO 2022-06-17 16:14:21,775 basehttp:161 "OPTIONS /users/login/ HTTP/1.1" 200 0
INFO 2022-06-17 16:14:22,027 basehttp:161 "POST /users/login/ HTTP/1.1" 200 201
